<?xml version="1.0" encoding="UTF-8"?>
<!-- Generated by org.testng.reporters.JUnitReportReporter -->
<testsuite hostname="DESKTOP-CJECPP6" failures="0" tests="2" name="StaticWebDriver3.StaticWebDriver3.Test2" time="35.393" errors="0" timestamp="2023-09-14T20:16:44 CEST" skipped="0">
  <testcase classname="StaticWebDriver3.StaticWebDriver3.Test2" name="FlipkartTest" time="17.443"/>
  <system-out/>
  <testcase classname="StaticWebDriver3.StaticWebDriver3.Test2" name="MyntraTest" time="17.950"/>
  <system-out/>
</testsuite> <!-- StaticWebDriver3.StaticWebDriver3.Test2 -->
